0 2220.874023
1 10.821340
2 40.712578
3 2473.587158
4 40.000000
5 31.506672
6 87.568672
7 735.970581
8 91.930504
9 2773.765869
10 877.803711
11 156.186829
12 17.333328
13 30.218004
14 105.189346
15 962.012146
16 1702.080811
17 9.000000
18 133.708633
19 352.112610
20 369.718262
21 2327.745361
22 5477.670898
23 187.353653
24 626.199768
25 1887.193359
26 11440.677734
27 28636.552734
28 220.797180
29 162.866470
30 896.293091
31 524.050232
32 3503.435303
33 2111.801270
34 476.190399
35 40424.546875
36 7716.779297
37 732.904480
38 1966.762573
39 4292.764160
40 46137.628906
41 1706.470093
42 1387.096558
43 2219.885254
44 985.054932
45 687.860046
46 1376.137939
47 80783.328125
48 3204.275146
49 8420.625000
50 2011.763916
51 545.219971
52 4725.524902
53 793.959290
54 2246.527344
55 1167.302124
56 1095.232666
57 480.867340
58 3775.913818
59 122.448967
60 1568.082520
61 501.212585
62 1071.087036
63 42.895443
64 4461.282227
65 3707.865479
66 53227.207031
67 4334.374023
68 671.206238
69 62872.152344
70 21992.349609
71 3215.491943
72 784.946411
73 1666.666504
74 1689.188965
75 2054.054443
76 3330.786133
77 1166.479004
78 4722.903320
79 6159.145508
80 4444.075684
81 10713.693359
82 718.046997
83 1556.481323
84 27072.048828
85 998.838379
86 4860.952637
87 30424.423828
88 725.450867
89 19358.109375
90 26883.994141
91 7339.898926
92 3604.651123
93 3657.588135
94 8935.087891
95 757.695374
96 1702.479004
97 1526.182373
98 7550.847656
99 123033.703125
100 2630.208740
101 8126.329102
102 10753.714844
103 8895.721680
104 495.282990
105 1527.377319
106 4401.225586
107 9903.008789
108 1066.536133
109 113.285255
110 240.259705
111 2989.275635
112 15832.487305
113 1597.190186
114 1608.255493
115 3739.861084
116 4301.833984
117 3511.247070
118 3417.142334
119 21230.771484
120 2050.847168
121 4140.918945
122 4684.707520
123 3561.017090
124 411.861633
125 1295.659180
126 4966.854492
127 7200.362305
128 2559.523926
129 2076.677246
130 2092.651611
131 2426.470215
132 8260.869141
133 7282.607910
134 3047.403564
135 55186.785156
136 60832.671875
137 17317.646484
138 1886.024170
139 24224.718750
140 106318.921875
141 91350.789062
142 39265.339844
143 1912.350220
144 1946.308960
145 12581.658203
146 4688.681152
147 2901.960205
148 5373.141602
149 5719.240234
150 7983.140625
151 8437.442383
152 4568.590820
153 754.412903
154 33901.738281
155 1561510.000000
156 1570744.250000
157 64842.679688
158 15223.103516
159 32322.400391
160 355.801147
161 1404.322754
162 21583.253906
163 176623.234375
164 432.163391
165 1969.770874
166 170761.171875
167 11222.445312
168 13021.432617
169 30458.339844
170 13153.845703
171 19223.802734
172 107050.843750
173 7153.288086
174 7262.534668
175 647.058716
176 959.349548
177 6575.977051
178 2563.552002
179 2635.432129
180 16259.096680
181 3111.111816
182 8912.310547
183 610.869507
184 1882.569336
185 2658.855225
186 7207.774902
187 770.388855
188 32.197605
189 2363.440430
190 39983.136719
191 5673.183594
192 1968.785278
193 2201.292969
194 2342.905518
195 3497.502441
196 5614.168945
197 2101.110596
198 20173.962891
199 961.076355
200 1644.844604
201 8143.379395
202 25332.207031
203 247764.718750
204 316439.656250
205 1186.226074
206 30961.074219
207 4529.690918
208 1312.237061
209 1846.965576
210 9615.301758
211 2111.800537
212 3565.012939
213 7064.411621
214 2213.366943
215 52702.941406
216 60356.031250
217 2488.585693
218 16988.066406
219 215161.828125
220 3132.734619
221 5494.973145
222 6135.652832
223 16608.255859
224 53587.664062
225 50779.464844
226 3460.365479
227 4504.956055
228 8357.664062
229 21954.457031
230 23260.013672
231 76472.562500
232 66448.804688
233 2802.395752
234 33947.324219
235 39110.816406
236 19478.660156
237 36041.222656
238 11595.123047
239 1975.415527
240 6446.937988
241 79671.093750
242 6955.690430
243 6630.434082
244 9060.198242
245 31972.718750
246 24454.527344
247 11280.715820
248 4981920.000000
249 2500000.000000
250 2510000.000000
251 2733.033203
252 3733.460205
253 370.802917
254 26374.343750
255 12661.721680
256 36440.621094
257 140653.453125
258 23502.722656
259 23402.339844
260 23262.031250
261 53684.953125
262 45426.988281
263 7059.835449
264 2863.301025
265 2917.307129
266 3292.112793
267 1823.129272
268 8988.543945
269 39464.332031
270 404614.125000
271 11947.858398
272 3635.153320
273 3663.100586
274 7650.767090
275 3401.018311
276 77148.125000
277 75906.953125
278 24051.720703
279 4412.318359
280 11820.484375
281 2288.961182
282 77390.257812
283 11083.960938
284 43311.988281
285 18598.031250
286 35721.800781
287 5026.178711
288 17070.603516
289 17129.669922
290 1187.755249
291 1191.836914
292 3164.147949
293 23938.875000
294 11523.437500
295 150275.000000
296 97485.968750
297 150017.765625
298 599.198425
299 30272.820312
300 1538827.875000
301 627491.312500
302 3502.889160
303 631646.937500
304 3526.010498
305 356995.500000
306 5402.564941
307 17643.910156
308 14430.052734
309 708707.437500
310 74052.453125
311 4187.919922
312 4201.342773
313 4214.765625
314 18876.652344
315 3052.816895
316 140758.812500
317 141202.843750
318 141646.875000
319 22231.953125
320 4354.149902
321 5316.377930
322 3239570.500000
323 5890.909668
324 421186.656250
325 5088.579590
326 1015.527954
327 367361.312500
328 24452.837891
329 1513.761475
330 3198.551758
331 7933.504883
332 30905.492188
333 16656.939453
334 4098.118652
335 28884.572266
336 27619.273438
337 731.601624
338 25199.873047
339 30672.373047
340 3569.966309
341 1236.174438
342 21895.994141
343 1710.761841
344 31346.189453
345 30027.156250
346 13221.383789
347 1259.956543
348 1330.030640
349 4211.791504
350 4280.487305
351 17565.890625
352 3561526.250000
353 3338.315430
354 4059.048584
355 68461.539062
356 50420.753906
357 11473.340820
358 2641.842529
359 2940.215332
360 2842.295654
361 2930.699463
362 9576.328125
363 15489.360352
364 7749.468262
365 428.120056
366 11147.247070
367 96778.070312
368 102500.593750
369 5068.493164
370 31297.201172
371 41428.039062
372 40509.406250
373 46032.070312
374 4624.016602
375 3204.409912
376 45623.410156
377 28188.468750
378 48376.015625
379 29801.080078
380 95156.578125
381 47160.500000
382 3215.785156
383 51175.792969
384 95601.429688
385 42226.511719
386 3883.572266
387 7027.808594
388 641.575378
389 3205.856934
390 150984.609375
391 82072.804688
392 15065.002930
393 5230.732422
394 17501.466797
395 52784.070312
396 5923.354980
397 5551.403320
398 114352.039062
399 7635.456055
400 4997.727051
401 34414.125000
402 4045092.500000
403 85737.851562
404 1715.374756
405 4889.007324
406 8860.080078
407 47851.871094
408 24713.164062
409 5072.745605
410 12973.486328
411 34312.148438
412 1049.822021
413 49624.648438
414 3458.333496
415 45283.472656
416 143227.453125
417 7393.190918
418 17638.007812
419 7999.336426
420 21606.953125
421 13764.546875
422 4214.724121
423 3596.267822
424 12839.878906
425 7395.833008
426 28484.388672
427 5169.533691
428 210446.171875
429 39506.281250
430 212212.468750
431 66988.898438
432 1612.663086
433 17144.285156
434 4364190.000000
435 25077.691406
436 5806.633301
437 29183.474609
438 3300.793457
439 2977.651611
440 3421.256836
441 11569.915039
442 6515.772461
443 8741.968750
444 31086.841797
445 37264.113281
446 36993.230469
447 4480000.000000
448 83111.335938
449 4517577.000000
450 2986.755127
451 2954.248291
452 2960.784424
453 33357.046875
454 50976.792969
455 4660187.500000
456 36787.039062
457 4580000.000000
458 4250.000000
459 1045.454468
460 1047.727173
461 1746.692139
462 1800.855713
463 4441.977539
464 26850.345703
465 3167094.250000
466 146412.031250
467 36661.476562
468 26277.558594
469 32892.871094
470 28319.261719
471 43509.804688
472 198184.109375
473 16067.793945
474 14136.907227
475 21155.552734
476 21199.998047
477 31807.273438
478 8756.857422
479 3284114.250000
480 318761.125000
481 153700.546875
482 99000.656250
483 24693.876953
484 24744.898438
485 69092.390625
486 11018.101562
487 79204.257812
488 31687.078125
489 83434.648438
490 10186.722656
491 26594.593750
492 55037.730469
493 54808.261719

real	0m1.590s
user	0m0.178s
sys	0m0.029s
